05 Apr 2024 16:56:32,398 INFO  repository.ParticipantDBRepo 22 <init> - Initializing ParticipantDBRepository with properties: {} 
05 Apr 2024 16:56:32,402 INFO  repository.TrialDBRepo 23 <init> - Initializing TrialDBRepository with properties: {} 
05 Apr 2024 16:56:32,403 INFO  repository.RefereeDBRepo 23 <init> - Initializing RefereeDBRepository with properties: {} 
05 Apr 2024 16:56:32,404 INFO  repository.ResultDBRepo 23 <init> - Initializing ResultDBRepository with properties: {} 
05 Apr 2024 16:59:01,670 INFO  repository.ParticipantDBRepo 22 <init> - Initializing ParticipantDBRepository with properties: {} 
05 Apr 2024 16:59:01,673 INFO  repository.TrialDBRepo 23 <init> - Initializing TrialDBRepository with properties: {} 
05 Apr 2024 16:59:01,675 INFO  repository.RefereeDBRepo 23 <init> - Initializing RefereeDBRepository with properties: {} 
05 Apr 2024 16:59:01,676 INFO  repository.ResultDBRepo 23 <init> - Initializing ResultDBRepository with properties: {} 
05 Apr 2024 16:59:07,114 TRACE repository.RefereeDBRepo 155 getAll - Enter Getting all referees
05 Apr 2024 16:59:07,114 TRACE repository.JdbcUtils 49 getConnection - Enter
05 Apr 2024 16:59:07,114 TRACE repository.JdbcUtils 26 getNewConnection - Enter
05 Apr 2024 16:59:07,114 INFO  repository.JdbcUtils 31 getNewConnection - trying to connect to database ... null
05 Apr 2024 16:59:07,114 INFO  repository.JdbcUtils 32 getNewConnection - user: null
05 Apr 2024 16:59:07,114 INFO  repository.JdbcUtils 33 getNewConnection - pass: null
05 Apr 2024 16:59:07,116 ERROR repository.JdbcUtils 42 getNewConnection - java.sql.SQLException: The url cannot be null
05 Apr 2024 16:59:07,117 TRACE repository.JdbcUtils 58 getConnection - Exit
05 Apr 2024 16:59:29,424 INFO  repository.ParticipantDBRepo 22 <init> - Initializing ParticipantDBRepository with properties: {} 
05 Apr 2024 16:59:29,427 INFO  repository.TrialDBRepo 23 <init> - Initializing TrialDBRepository with properties: {} 
05 Apr 2024 16:59:29,428 INFO  repository.RefereeDBRepo 23 <init> - Initializing RefereeDBRepository with properties: {} 
05 Apr 2024 16:59:29,429 INFO  repository.ResultDBRepo 23 <init> - Initializing ResultDBRepository with properties: {} 
05 Apr 2024 16:59:32,985 TRACE repository.RefereeDBRepo 155 getAll - Enter Getting all referees
05 Apr 2024 16:59:32,985 TRACE repository.JdbcUtils 49 getConnection - Enter
05 Apr 2024 16:59:32,985 TRACE repository.JdbcUtils 26 getNewConnection - Enter
05 Apr 2024 16:59:32,985 INFO  repository.JdbcUtils 31 getNewConnection - trying to connect to database ... null
05 Apr 2024 16:59:32,985 INFO  repository.JdbcUtils 32 getNewConnection - user: null
05 Apr 2024 16:59:32,985 INFO  repository.JdbcUtils 33 getNewConnection - pass: null
05 Apr 2024 16:59:32,987 ERROR repository.JdbcUtils 42 getNewConnection - java.sql.SQLException: The url cannot be null
05 Apr 2024 16:59:32,988 TRACE repository.JdbcUtils 58 getConnection - Exit
05 Apr 2024 16:59:44,693 INFO  repository.ParticipantDBRepo 22 <init> - Initializing ParticipantDBRepository with properties: {} 
05 Apr 2024 16:59:44,697 INFO  repository.TrialDBRepo 23 <init> - Initializing TrialDBRepository with properties: {} 
05 Apr 2024 16:59:44,699 INFO  repository.RefereeDBRepo 23 <init> - Initializing RefereeDBRepository with properties: {} 
05 Apr 2024 16:59:44,699 INFO  repository.ResultDBRepo 23 <init> - Initializing ResultDBRepository with properties: {} 
05 Apr 2024 16:59:48,329 TRACE repository.RefereeDBRepo 155 getAll - Enter Getting all referees
05 Apr 2024 16:59:48,330 TRACE repository.JdbcUtils 49 getConnection - Enter
05 Apr 2024 16:59:48,330 TRACE repository.JdbcUtils 26 getNewConnection - Enter
05 Apr 2024 16:59:48,330 INFO  repository.JdbcUtils 31 getNewConnection - trying to connect to database ... null
05 Apr 2024 16:59:48,330 INFO  repository.JdbcUtils 32 getNewConnection - user: null
05 Apr 2024 16:59:48,330 INFO  repository.JdbcUtils 33 getNewConnection - pass: null
05 Apr 2024 16:59:48,332 ERROR repository.JdbcUtils 42 getNewConnection - java.sql.SQLException: The url cannot be null
05 Apr 2024 16:59:48,332 TRACE repository.JdbcUtils 58 getConnection - Exit
05 Apr 2024 17:00:30,715 INFO  repository.ParticipantDBRepo 22 <init> - Initializing ParticipantDBRepository with properties: {jdbc.url=jdbc:sqlite:C:\Users\Andrei\Desktop\Faculta\MPP\mpp-proiect-java-AndreiAvram003\TriatlonDB} 
05 Apr 2024 17:00:30,719 INFO  repository.TrialDBRepo 23 <init> - Initializing TrialDBRepository with properties: {jdbc.url=jdbc:sqlite:C:\Users\Andrei\Desktop\Faculta\MPP\mpp-proiect-java-AndreiAvram003\TriatlonDB} 
05 Apr 2024 17:00:30,719 INFO  repository.RefereeDBRepo 23 <init> - Initializing RefereeDBRepository with properties: {jdbc.url=jdbc:sqlite:C:\Users\Andrei\Desktop\Faculta\MPP\mpp-proiect-java-AndreiAvram003\TriatlonDB} 
05 Apr 2024 17:00:30,720 INFO  repository.ResultDBRepo 23 <init> - Initializing ResultDBRepository with properties: {jdbc.url=jdbc:sqlite:C:\Users\Andrei\Desktop\Faculta\MPP\mpp-proiect-java-AndreiAvram003\TriatlonDB} 
05 Apr 2024 17:00:35,399 TRACE repository.RefereeDBRepo 155 getAll - Enter Getting all referees
05 Apr 2024 17:00:35,400 TRACE repository.JdbcUtils 49 getConnection - Enter
05 Apr 2024 17:00:35,400 TRACE repository.JdbcUtils 26 getNewConnection - Enter
05 Apr 2024 17:00:35,400 INFO  repository.JdbcUtils 31 getNewConnection - trying to connect to database ... jdbc:sqlite:C:\Users\Andrei\Desktop\Faculta\MPP\mpp-proiect-java-AndreiAvram003\TriatlonDB
05 Apr 2024 17:00:35,400 INFO  repository.JdbcUtils 32 getNewConnection - user: null
05 Apr 2024 17:00:35,400 INFO  repository.JdbcUtils 33 getNewConnection - pass: null
05 Apr 2024 17:00:36,079 TRACE repository.JdbcUtils 58 getConnection - Exit with(org.sqlite.jdbc4.JDBC4Connection@509a80ed)
05 Apr 2024 17:00:36,083 TRACE repository.JdbcUtils 26 getNewConnection - Enter
05 Apr 2024 17:00:36,083 INFO  repository.JdbcUtils 31 getNewConnection - trying to connect to database ... jdbc:sqlite:C:\Users\Andrei\Desktop\Faculta\MPP\mpp-proiect-java-AndreiAvram003\TriatlonDB
05 Apr 2024 17:00:36,083 INFO  repository.JdbcUtils 32 getNewConnection - user: null
05 Apr 2024 17:00:36,083 INFO  repository.JdbcUtils 33 getNewConnection - pass: null
05 Apr 2024 17:00:36,086 TRACE repository.JdbcUtils 26 getNewConnection - Enter
05 Apr 2024 17:00:36,086 INFO  repository.JdbcUtils 31 getNewConnection - trying to connect to database ... jdbc:sqlite:C:\Users\Andrei\Desktop\Faculta\MPP\mpp-proiect-java-AndreiAvram003\TriatlonDB
05 Apr 2024 17:00:36,086 INFO  repository.JdbcUtils 32 getNewConnection - user: null
05 Apr 2024 17:00:36,086 INFO  repository.JdbcUtils 33 getNewConnection - pass: null
05 Apr 2024 17:00:36,087 TRACE repository.RefereeDBRepo 174 getAll - Exit Retrieved 2 referees
05 Apr 2024 17:00:36,088 TRACE repository.ParticipantDBRepo 140 getAllSorted - Enter Getting all participants
05 Apr 2024 17:00:36,088 TRACE repository.JdbcUtils 49 getConnection - Enter
05 Apr 2024 17:00:36,088 TRACE repository.JdbcUtils 26 getNewConnection - Enter
05 Apr 2024 17:00:36,088 INFO  repository.JdbcUtils 31 getNewConnection - trying to connect to database ... jdbc:sqlite:C:\Users\Andrei\Desktop\Faculta\MPP\mpp-proiect-java-AndreiAvram003\TriatlonDB
05 Apr 2024 17:00:36,088 INFO  repository.JdbcUtils 32 getNewConnection - user: null
05 Apr 2024 17:00:36,088 INFO  repository.JdbcUtils 33 getNewConnection - pass: null
05 Apr 2024 17:00:36,089 TRACE repository.JdbcUtils 58 getConnection - Exit with(org.sqlite.jdbc4.JDBC4Connection@60deae22)
05 Apr 2024 17:00:36,089 TRACE repository.ParticipantDBRepo 152 getAllSorted - Exit Retrieved 2 participants
05 Apr 2024 17:00:40,702 TRACE repository.JdbcUtils 49 getConnection - Enter
05 Apr 2024 17:00:40,703 TRACE repository.JdbcUtils 26 getNewConnection - Enter
05 Apr 2024 17:00:40,703 INFO  repository.JdbcUtils 31 getNewConnection - trying to connect to database ... jdbc:sqlite:C:\Users\Andrei\Desktop\Faculta\MPP\mpp-proiect-java-AndreiAvram003\TriatlonDB
05 Apr 2024 17:00:40,703 INFO  repository.JdbcUtils 32 getNewConnection - user: null
05 Apr 2024 17:00:40,703 INFO  repository.JdbcUtils 33 getNewConnection - pass: null
05 Apr 2024 17:00:40,704 TRACE repository.JdbcUtils 58 getConnection - Exit with(org.sqlite.jdbc4.JDBC4Connection@7d2c68c0)
05 Apr 2024 17:00:40,704 TRACE repository.JdbcUtils 49 getConnection - Enter
05 Apr 2024 17:00:40,705 TRACE repository.JdbcUtils 58 getConnection - Exit with(org.sqlite.jdbc4.JDBC4Connection@7d2c68c0)
05 Apr 2024 17:00:45,468 TRACE repository.JdbcUtils 49 getConnection - Enter
05 Apr 2024 17:00:45,468 TRACE repository.JdbcUtils 58 getConnection - Exit with(org.sqlite.jdbc4.JDBC4Connection@7d2c68c0)
05 Apr 2024 17:00:45,469 TRACE repository.JdbcUtils 49 getConnection - Enter
05 Apr 2024 17:00:45,469 TRACE repository.JdbcUtils 58 getConnection - Exit with(org.sqlite.jdbc4.JDBC4Connection@7d2c68c0)
05 Apr 2024 17:00:49,440 TRACE repository.ResultDBRepo 48 save - Enter Saving result domain.Result@1d872e99 
05 Apr 2024 17:00:49,440 TRACE repository.JdbcUtils 49 getConnection - Enter
05 Apr 2024 17:00:49,441 TRACE repository.JdbcUtils 58 getConnection - Exit with(org.sqlite.jdbc4.JDBC4Connection@7d2c68c0)
05 Apr 2024 17:00:49,441 TRACE repository.ResultDBRepo 52 save - Exit with(Result already exists)
